2015-11-02 11:14:03 [78.47.178.44][-][-][error][yii\base\InvalidParamException] exception 'yii\base\InvalidParamException' with message 'The view file does not exist: /home/indepp/web/dev.inde.pp.ua/public_html/views/site/index.php' in /home/indepp/web/dev.inde.pp.ua/public_html/vendor/yiisoft/yii2/base/View.php:226
Stack trace:
#0 /home/indepp/web/dev.inde.pp.ua/public_html/vendor/yiisoft/yii2/base/View.php(149): yii\base\View->renderFile('/home/indepp/we...', Array, Object(frontend\controllers\SiteController))
#1 /home/indepp/web/dev.inde.pp.ua/public_html/vendor/yiisoft/yii2/base/Controller.php(371): yii\base\View->render('index', Array, Object(frontend\controllers\SiteController))
#2 /home/indepp/web/dev.inde.pp.ua/public_html/frontend/controllers/SiteController.php(75): yii\base\Controller->render('index')
#3 [internal function]: frontend\controllers\SiteController->actionIndex()
#4 /home/indepp/web/dev.inde.pp.ua/public_html/vendor/yiisoft/yii2/base/InlineAction.php(55): call_user_func_array(Array, Array)
#5 /home/indepp/web/dev.inde.pp.ua/public_html/vendor/yiisoft/yii2/base/Controller.php(151): yii\base\InlineAction->runWithParams(Array)
#6 /home/indepp/web/dev.inde.pp.ua/public_html/vendor/yiisoft/yii2/base/Module.php(455): yii\base\Controller->runAction('', Array)
#7 /home/indepp/web/dev.inde.pp.ua/public_html/vendor/yiisoft/yii2/web/Application.php(84): yii\base\Module->runAction('', Array)
#8 /home/indepp/web/dev.inde.pp.ua/public_html/vendor/yiisoft/yii2/base/Application.php(375): yii\web\Application->handleRequest(Object(yii\web\Request))
#9 /home/indepp/web/dev.inde.pp.ua/public_html/frontend/web/index.php(18): yii\base\Application->run()
#10 {main}
2015-11-02 11:14:03 [78.47.178.44][-][-][warning][yii\debug\Module::checkAccess] Access to debugger is denied due to IP address restriction. The requesting IP address is 78.47.178.44
2015-11-02 11:14:03 [78.47.178.44][-][-][info][application] $_COOKIE = [
    '_csrf' => '048458534faac7c73bd1c73d19ef6ceddae024a3bbef38c5141c449cc5ff40c7a:2:{i:0;s:5:\"_csrf\";i:1;s:32:\"55x4gGza06N5D5Uv1pOyk7HIS25St7q2\";}'
    'PHPSESSID' => 'iuajr2f0jnfs3qv205h1op1su3'
]

$_SERVER = [
    'HTTP_HOST' => 'dev.inde.pp.ua'
    'HTTP_X_REAL_IP' => '195.211.173.248'
    'HTTP_X_FORWARDED_FOR' => '195.211.173.248'
    'HTTP_CONNECTION' => 'close'
    'HTTP_CACHE_CONTROL' => 'max-age=0'
    'HTTP_ACCEPT' => 'text/html,application/xhtml+xml,application/xml;q=0.9,image/webp,*/*;q=0.8'
    'HTTP_UPGRADE_INSECURE_REQUESTS' => '1'
    'HTTP_USER_AGENT' => 'Mozilla/5.0 (Windows NT 6.1; WOW64) AppleWebKit/537.36 (KHTML, like Gecko) Chrome/46.0.2490.71 Safari/537.36 OPR/33.0.1990.43'
    'HTTP_ACCEPT_ENCODING' => 'gzip, deflate, lzma, sdch'
    'HTTP_ACCEPT_LANGUAGE' => 'ru-RU,ru;q=0.8,en-US;q=0.6,en;q=0.4'
    'HTTP_COOKIE' => '_csrf=048458534faac7c73bd1c73d19ef6ceddae024a3bbef38c5141c449cc5ff40c7a%3A2%3A%7Bi%3A0%3Bs%3A5%3A%22_csrf%22%3Bi%3A1%3Bs%3A32%3A%2255x4gGza06N5D5Uv1pOyk7HIS25St7q2%22%3B%7D; PHPSESSID=iuajr2f0jnfs3qv205h1op1su3'
    'PATH' => '/usr/local/sbin:/usr/local/bin:/usr/sbin:/usr/bin:/sbin:/bin'
    'SERVER_SIGNATURE' => ''
    'SERVER_SOFTWARE' => 'Apache/2.4.7 (Ubuntu) mod_fcgid/2.3.9 PHP/5.5.9-1ubuntu4.11 OpenSSL/1.0.1f'
    'SERVER_NAME' => 'dev.inde.pp.ua'
    'SERVER_ADDR' => '78.47.178.44'
    'SERVER_PORT' => '80'
    'REMOTE_ADDR' => '78.47.178.44'
    'DOCUMENT_ROOT' => '/home/indepp/web/dev.inde.pp.ua/public_html'
    'REQUEST_SCHEME' => 'http'
    'CONTEXT_PREFIX' => ''
    'CONTEXT_DOCUMENT_ROOT' => '/home/indepp/web/dev.inde.pp.ua/public_html'
    'SERVER_ADMIN' => 'info@dev.inde.pp.ua'
    'SCRIPT_FILENAME' => '/home/indepp/web/dev.inde.pp.ua/public_html/frontend/web/index.php'
    'REMOTE_PORT' => '36115'
    'GATEWAY_INTERFACE' => 'CGI/1.1'
    'SERVER_PROTOCOL' => 'HTTP/1.0'
    'REQUEST_METHOD' => 'GET'
    'QUERY_STRING' => ''
    'REQUEST_URI' => '/frontend/web/'
    'SCRIPT_NAME' => '/frontend/web/index.php'
    'PHP_SELF' => '/frontend/web/index.php'
    'REQUEST_TIME_FLOAT' => 1446455643.484
    'REQUEST_TIME' => 1446455643
]
2015-11-02 11:14:17 [78.47.178.44][-][-][error][yii\base\InvalidParamException] exception 'yii\base\InvalidParamException' with message 'The view file does not exist: /home/indepp/web/dev.inde.pp.ua/public_html/views/site/index.php' in /home/indepp/web/dev.inde.pp.ua/public_html/vendor/yiisoft/yii2/base/View.php:226
Stack trace:
#0 /home/indepp/web/dev.inde.pp.ua/public_html/vendor/yiisoft/yii2/base/View.php(149): yii\base\View->renderFile('/home/indepp/we...', Array, Object(frontend\controllers\SiteController))
#1 /home/indepp/web/dev.inde.pp.ua/public_html/vendor/yiisoft/yii2/base/Controller.php(371): yii\base\View->render('index', Array, Object(frontend\controllers\SiteController))
#2 /home/indepp/web/dev.inde.pp.ua/public_html/frontend/controllers/SiteController.php(75): yii\base\Controller->render('index')
#3 [internal function]: frontend\controllers\SiteController->actionIndex()
#4 /home/indepp/web/dev.inde.pp.ua/public_html/vendor/yiisoft/yii2/base/InlineAction.php(55): call_user_func_array(Array, Array)
#5 /home/indepp/web/dev.inde.pp.ua/public_html/vendor/yiisoft/yii2/base/Controller.php(151): yii\base\InlineAction->runWithParams(Array)
#6 /home/indepp/web/dev.inde.pp.ua/public_html/vendor/yiisoft/yii2/base/Module.php(455): yii\base\Controller->runAction('', Array)
#7 /home/indepp/web/dev.inde.pp.ua/public_html/vendor/yiisoft/yii2/web/Application.php(84): yii\base\Module->runAction('', Array)
#8 /home/indepp/web/dev.inde.pp.ua/public_html/vendor/yiisoft/yii2/base/Application.php(375): yii\web\Application->handleRequest(Object(yii\web\Request))
#9 /home/indepp/web/dev.inde.pp.ua/public_html/frontend/web/index.php(18): yii\base\Application->run()
#10 {main}
2015-11-02 11:14:17 [78.47.178.44][-][-][warning][yii\debug\Module::checkAccess] Access to debugger is denied due to IP address restriction. The requesting IP address is 78.47.178.44
2015-11-02 11:14:17 [78.47.178.44][-][-][info][application] $_COOKIE = [
    '_csrf' => '048458534faac7c73bd1c73d19ef6ceddae024a3bbef38c5141c449cc5ff40c7a:2:{i:0;s:5:\"_csrf\";i:1;s:32:\"55x4gGza06N5D5Uv1pOyk7HIS25St7q2\";}'
    'PHPSESSID' => 'iuajr2f0jnfs3qv205h1op1su3'
]

$_SERVER = [
    'HTTP_HOST' => 'dev.inde.pp.ua'
    'HTTP_X_REAL_IP' => '195.211.173.248'
    'HTTP_X_FORWARDED_FOR' => '195.211.173.248'
    'HTTP_CONNECTION' => 'close'
    'HTTP_CACHE_CONTROL' => 'max-age=0'
    'HTTP_ACCEPT' => 'text/html,application/xhtml+xml,application/xml;q=0.9,image/webp,*/*;q=0.8'
    'HTTP_UPGRADE_INSECURE_REQUESTS' => '1'
    'HTTP_USER_AGENT' => 'Mozilla/5.0 (Windows NT 6.1; WOW64) AppleWebKit/537.36 (KHTML, like Gecko) Chrome/46.0.2490.71 Safari/537.36 OPR/33.0.1990.43'
    'HTTP_ACCEPT_ENCODING' => 'gzip, deflate, lzma, sdch'
    'HTTP_ACCEPT_LANGUAGE' => 'ru-RU,ru;q=0.8,en-US;q=0.6,en;q=0.4'
    'HTTP_COOKIE' => '_csrf=048458534faac7c73bd1c73d19ef6ceddae024a3bbef38c5141c449cc5ff40c7a%3A2%3A%7Bi%3A0%3Bs%3A5%3A%22_csrf%22%3Bi%3A1%3Bs%3A32%3A%2255x4gGza06N5D5Uv1pOyk7HIS25St7q2%22%3B%7D; PHPSESSID=iuajr2f0jnfs3qv205h1op1su3'
    'PATH' => '/usr/local/sbin:/usr/local/bin:/usr/sbin:/usr/bin:/sbin:/bin'
    'SERVER_SIGNATURE' => ''
    'SERVER_SOFTWARE' => 'Apache/2.4.7 (Ubuntu) mod_fcgid/2.3.9 PHP/5.5.9-1ubuntu4.11 OpenSSL/1.0.1f'
    'SERVER_NAME' => 'dev.inde.pp.ua'
    'SERVER_ADDR' => '78.47.178.44'
    'SERVER_PORT' => '80'
    'REMOTE_ADDR' => '78.47.178.44'
    'DOCUMENT_ROOT' => '/home/indepp/web/dev.inde.pp.ua/public_html'
    'REQUEST_SCHEME' => 'http'
    'CONTEXT_PREFIX' => ''
    'CONTEXT_DOCUMENT_ROOT' => '/home/indepp/web/dev.inde.pp.ua/public_html'
    'SERVER_ADMIN' => 'info@dev.inde.pp.ua'
    'SCRIPT_FILENAME' => '/home/indepp/web/dev.inde.pp.ua/public_html/frontend/web/index.php'
    'REMOTE_PORT' => '36127'
    'GATEWAY_INTERFACE' => 'CGI/1.1'
    'SERVER_PROTOCOL' => 'HTTP/1.0'
    'REQUEST_METHOD' => 'GET'
    'QUERY_STRING' => ''
    'REQUEST_URI' => '/frontend/web/'
    'SCRIPT_NAME' => '/frontend/web/index.php'
    'PHP_SELF' => '/frontend/web/index.php'
    'REQUEST_TIME_FLOAT' => 1446455657.97
    'REQUEST_TIME' => 1446455657
]
2015-11-02 11:14:18 [78.47.178.44][-][-][error][yii\base\InvalidParamException] exception 'yii\base\InvalidParamException' with message 'The view file does not exist: /home/indepp/web/dev.inde.pp.ua/public_html/views/site/index.php' in /home/indepp/web/dev.inde.pp.ua/public_html/vendor/yiisoft/yii2/base/View.php:226
Stack trace:
#0 /home/indepp/web/dev.inde.pp.ua/public_html/vendor/yiisoft/yii2/base/View.php(149): yii\base\View->renderFile('/home/indepp/we...', Array, Object(frontend\controllers\SiteController))
#1 /home/indepp/web/dev.inde.pp.ua/public_html/vendor/yiisoft/yii2/base/Controller.php(371): yii\base\View->render('index', Array, Object(frontend\controllers\SiteController))
#2 /home/indepp/web/dev.inde.pp.ua/public_html/frontend/controllers/SiteController.php(75): yii\base\Controller->render('index')
#3 [internal function]: frontend\controllers\SiteController->actionIndex()
#4 /home/indepp/web/dev.inde.pp.ua/public_html/vendor/yiisoft/yii2/base/InlineAction.php(55): call_user_func_array(Array, Array)
#5 /home/indepp/web/dev.inde.pp.ua/public_html/vendor/yiisoft/yii2/base/Controller.php(151): yii\base\InlineAction->runWithParams(Array)
#6 /home/indepp/web/dev.inde.pp.ua/public_html/vendor/yiisoft/yii2/base/Module.php(455): yii\base\Controller->runAction('', Array)
#7 /home/indepp/web/dev.inde.pp.ua/public_html/vendor/yiisoft/yii2/web/Application.php(84): yii\base\Module->runAction('', Array)
#8 /home/indepp/web/dev.inde.pp.ua/public_html/vendor/yiisoft/yii2/base/Application.php(375): yii\web\Application->handleRequest(Object(yii\web\Request))
#9 /home/indepp/web/dev.inde.pp.ua/public_html/frontend/web/index.php(18): yii\base\Application->run()
#10 {main}
2015-11-02 11:14:18 [78.47.178.44][-][-][warning][yii\debug\Module::checkAccess] Access to debugger is denied due to IP address restriction. The requesting IP address is 78.47.178.44
2015-11-02 11:14:18 [78.47.178.44][-][-][info][application] $_COOKIE = [
    '_csrf' => '048458534faac7c73bd1c73d19ef6ceddae024a3bbef38c5141c449cc5ff40c7a:2:{i:0;s:5:\"_csrf\";i:1;s:32:\"55x4gGza06N5D5Uv1pOyk7HIS25St7q2\";}'
    'PHPSESSID' => 'iuajr2f0jnfs3qv205h1op1su3'
]

$_SERVER = [
    'HTTP_HOST' => 'dev.inde.pp.ua'
    'HTTP_X_REAL_IP' => '195.211.173.248'
    'HTTP_X_FORWARDED_FOR' => '195.211.173.248'
    'HTTP_CONNECTION' => 'close'
    'HTTP_CACHE_CONTROL' => 'max-age=0'
    'HTTP_ACCEPT' => 'text/html,application/xhtml+xml,application/xml;q=0.9,image/webp,*/*;q=0.8'
    'HTTP_UPGRADE_INSECURE_REQUESTS' => '1'
    'HTTP_USER_AGENT' => 'Mozilla/5.0 (Windows NT 6.1; WOW64) AppleWebKit/537.36 (KHTML, like Gecko) Chrome/46.0.2490.71 Safari/537.36 OPR/33.0.1990.43'
    'HTTP_ACCEPT_ENCODING' => 'gzip, deflate, lzma, sdch'
    'HTTP_ACCEPT_LANGUAGE' => 'ru-RU,ru;q=0.8,en-US;q=0.6,en;q=0.4'
    'HTTP_COOKIE' => '_csrf=048458534faac7c73bd1c73d19ef6ceddae024a3bbef38c5141c449cc5ff40c7a%3A2%3A%7Bi%3A0%3Bs%3A5%3A%22_csrf%22%3Bi%3A1%3Bs%3A32%3A%2255x4gGza06N5D5Uv1pOyk7HIS25St7q2%22%3B%7D; PHPSESSID=iuajr2f0jnfs3qv205h1op1su3'
    'PATH' => '/usr/local/sbin:/usr/local/bin:/usr/sbin:/usr/bin:/sbin:/bin'
    'SERVER_SIGNATURE' => ''
    'SERVER_SOFTWARE' => 'Apache/2.4.7 (Ubuntu) mod_fcgid/2.3.9 PHP/5.5.9-1ubuntu4.11 OpenSSL/1.0.1f'
    'SERVER_NAME' => 'dev.inde.pp.ua'
    'SERVER_ADDR' => '78.47.178.44'
    'SERVER_PORT' => '80'
    'REMOTE_ADDR' => '78.47.178.44'
    'DOCUMENT_ROOT' => '/home/indepp/web/dev.inde.pp.ua/public_html'
    'REQUEST_SCHEME' => 'http'
    'CONTEXT_PREFIX' => ''
    'CONTEXT_DOCUMENT_ROOT' => '/home/indepp/web/dev.inde.pp.ua/public_html'
    'SERVER_ADMIN' => 'info@dev.inde.pp.ua'
    'SCRIPT_FILENAME' => '/home/indepp/web/dev.inde.pp.ua/public_html/frontend/web/index.php'
    'REMOTE_PORT' => '36128'
    'GATEWAY_INTERFACE' => 'CGI/1.1'
    'SERVER_PROTOCOL' => 'HTTP/1.0'
    'REQUEST_METHOD' => 'GET'
    'QUERY_STRING' => ''
    'REQUEST_URI' => '/frontend/web/'
    'SCRIPT_NAME' => '/frontend/web/index.php'
    'PHP_SELF' => '/frontend/web/index.php'
    'REQUEST_TIME_FLOAT' => 1446455658.937
    'REQUEST_TIME' => 1446455658
]
